mode: atomic
github.com/caraml-dev/merlin/pkg/inference-logger/pkg/liveness/handler.go:18.48,23.2 1 3
github.com/caraml-dev/merlin/pkg/inference-logger/pkg/liveness/handler.go:25.67,26.26 1 3
github.com/caraml-dev/merlin/pkg/inference-logger/pkg/liveness/handler.go:26.26,29.3 2 1
github.com/caraml-dev/merlin/pkg/inference-logger/pkg/liveness/handler.go:30.2,30.24 1 2
github.com/caraml-dev/merlin/pkg/inference-logger/pkg/liveness/handler.go:33.55,36.2 1 3
github.com/caraml-dev/merlin/pkg/inference-logger/pkg/logger/console_sink.go:11.56,13.2 1 16
github.com/caraml-dev/merlin/pkg/inference-logger/pkg/logger/console_sink.go:15.55,16.34 1 16
github.com/caraml-dev/merlin/pkg/inference-logger/pkg/logger/console_sink.go:16.34,18.36 2 52
github.com/caraml-dev/merlin/pkg/inference-logger/pkg/logger/console_sink.go:18.36,20.4 1 32
github.com/caraml-dev/merlin/pkg/inference-logger/pkg/logger/console_sink.go:22.3,22.37 1 52
github.com/caraml-dev/merlin/pkg/inference-logger/pkg/logger/console_sink.go:22.37,25.4 2 42
github.com/caraml-dev/merlin/pkg/inference-logger/pkg/logger/console_sink.go:27.3,27.19 1 52
github.com/caraml-dev/merlin/pkg/inference-logger/pkg/logger/console_sink.go:27.19,28.12 1 10
github.com/caraml-dev/merlin/pkg/inference-logger/pkg/logger/console_sink.go:31.3,31.41 1 42
github.com/caraml-dev/merlin/pkg/inference-logger/pkg/logger/console_sink.go:34.2,34.12 1 16
github.com/caraml-dev/merlin/pkg/inference-logger/pkg/logger/dispatcher.go:16.35,21.32 3 12
github.com/caraml-dev/merlin/pkg/inference-logger/pkg/logger/dispatcher.go:21.32,24.3 2 120
github.com/caraml-dev/merlin/pkg/inference-logger/pkg/logger/dispatcher.go:26.2,29.3 1 12
github.com/caraml-dev/merlin/pkg/inference-logger/pkg/logger/dispatcher.go:32.30,33.35 1 12
github.com/caraml-dev/merlin/pkg/inference-logger/pkg/logger/dispatcher.go:33.35,35.3 1 120
github.com/caraml-dev/merlin/pkg/inference-logger/pkg/logger/dispatcher.go:38.55,40.2 1 12
github.com/caraml-dev/merlin/pkg/inference-logger/pkg/logger/dispatcher.go:42.29,44.2 1 12
github.com/caraml-dev/merlin/pkg/inference-logger/pkg/logger/handler.go:36.123,43.2 1 12
github.com/caraml-dev/merlin/pkg/inference-logger/pkg/logger/handler.go:45.76,46.48 1 12
github.com/caraml-dev/merlin/pkg/inference-logger/pkg/logger/handler.go:46.48,47.21 1 0
github.com/caraml-dev/merlin/pkg/inference-logger/pkg/logger/handler.go:47.21,49.4 1 0
github.com/caraml-dev/merlin/pkg/inference-logger/pkg/logger/handler.go:50.3,50.9 1 0
github.com/caraml-dev/merlin/pkg/inference-logger/pkg/logger/handler.go:54.2,61.16 4 12
github.com/caraml-dev/merlin/pkg/inference-logger/pkg/logger/handler.go:61.16,64.3 2 0
github.com/caraml-dev/merlin/pkg/inference-logger/pkg/logger/handler.go:67.2,67.66 1 12
github.com/caraml-dev/merlin/pkg/inference-logger/pkg/logger/handler.go:67.66,72.3 1 12
github.com/caraml-dev/merlin/pkg/inference-logger/pkg/logger/handler.go:74.2,74.15 1 12
github.com/caraml-dev/merlin/pkg/inference-logger/pkg/logger/handler.go:74.15,75.56 1 12
github.com/caraml-dev/merlin/pkg/inference-logger/pkg/logger/handler.go:75.56,77.4 1 0
github.com/caraml-dev/merlin/pkg/inference-logger/pkg/logger/handler.go:80.2,88.16 7 12
github.com/caraml-dev/merlin/pkg/inference-logger/pkg/logger/handler.go:88.16,91.3 2 0
github.com/caraml-dev/merlin/pkg/inference-logger/pkg/logger/handler.go:94.2,94.67 1 12
github.com/caraml-dev/merlin/pkg/inference-logger/pkg/logger/handler.go:94.67,99.3 1 12
github.com/caraml-dev/merlin/pkg/inference-logger/pkg/logger/handler.go:101.2,103.16 3 12
github.com/caraml-dev/merlin/pkg/inference-logger/pkg/logger/handler.go:103.16,106.3 2 0
github.com/caraml-dev/merlin/pkg/inference-logger/pkg/logger/handler.go:109.44,111.14 2 12
github.com/caraml-dev/merlin/pkg/inference-logger/pkg/logger/handler.go:111.14,113.3 1 10
github.com/caraml-dev/merlin/pkg/inference-logger/pkg/logger/handler.go:114.2,114.11 1 12
github.com/caraml-dev/merlin/pkg/inference-logger/pkg/logger/handler.go:117.57,119.27 2 12
github.com/caraml-dev/merlin/pkg/inference-logger/pkg/logger/handler.go:119.27,121.3 1 14
github.com/caraml-dev/merlin/pkg/inference-logger/pkg/logger/handler.go:123.2,123.18 1 12
github.com/caraml-dev/merlin/pkg/inference-logger/pkg/logger/handler.go:126.47,128.2 1 12
github.com/caraml-dev/merlin/pkg/inference-logger/pkg/logger/handler.go:130.43,133.2 1 12
github.com/caraml-dev/merlin/pkg/inference-logger/pkg/logger/handler.go:135.39,136.25 1 12
github.com/caraml-dev/merlin/pkg/inference-logger/pkg/logger/handler.go:136.25,137.24 1 36
github.com/caraml-dev/merlin/pkg/inference-logger/pkg/logger/handler.go:137.24,139.4 1 36
github.com/caraml-dev/merlin/pkg/inference-logger/pkg/logger/kafka_sink.go:46.11,56.2 1 6
github.com/caraml-dev/merlin/pkg/inference-logger/pkg/logger/kafka_sink.go:58.59,61.16 2 6
github.com/caraml-dev/merlin/pkg/inference-logger/pkg/logger/kafka_sink.go:61.16,63.3 1 0
github.com/caraml-dev/merlin/pkg/inference-logger/pkg/logger/kafka_sink.go:71.2,72.45 2 6
github.com/caraml-dev/merlin/pkg/inference-logger/pkg/logger/kafka_sink.go:72.45,73.13 1 6
github.com/caraml-dev/merlin/pkg/inference-logger/pkg/logger/kafka_sink.go:73.13,74.32 1 6
github.com/caraml-dev/merlin/pkg/inference-logger/pkg/logger/kafka_sink.go:74.32,75.27 1 0
github.com/caraml-dev/merlin/pkg/inference-logger/pkg/logger/kafka_sink.go:76.25,82.39 2 0
github.com/caraml-dev/merlin/pkg/inference-logger/pkg/logger/kafka_sink.go:82.39,84.7 1 0
github.com/caraml-dev/merlin/pkg/inference-logger/pkg/logger/kafka_sink.go:84.12,87.7 1 0
github.com/caraml-dev/merlin/pkg/inference-logger/pkg/logger/kafka_sink.go:88.13,89.47 1 0
github.com/caraml-dev/merlin/pkg/inference-logger/pkg/logger/kafka_sink.go:93.5,93.24 1 0
github.com/caraml-dev/merlin/pkg/inference-logger/pkg/logger/kafka_sink.go:97.3,98.17 2 6
github.com/caraml-dev/merlin/pkg/inference-logger/pkg/logger/kafka_sink.go:98.17,100.4 1 0
github.com/caraml-dev/merlin/pkg/inference-logger/pkg/logger/kafka_sink.go:102.3,110.17 2 6
github.com/caraml-dev/merlin/pkg/inference-logger/pkg/logger/kafka_sink.go:110.17,112.54 2 0
github.com/caraml-dev/merlin/pkg/inference-logger/pkg/logger/kafka_sink.go:112.54,116.13 2 0
github.com/caraml-dev/merlin/pkg/inference-logger/pkg/logger/kafka_sink.go:118.4,119.14 2 0
github.com/caraml-dev/merlin/pkg/inference-logger/pkg/logger/kafka_sink.go:123.2,123.12 1 6
github.com/caraml-dev/merlin/pkg/inference-logger/pkg/logger/kafka_sink.go:128.51,140.16 3 6
github.com/caraml-dev/merlin/pkg/inference-logger/pkg/logger/kafka_sink.go:140.16,142.3 1 0
github.com/caraml-dev/merlin/pkg/inference-logger/pkg/logger/kafka_sink.go:145.2,146.16 2 6
github.com/caraml-dev/merlin/pkg/inference-logger/pkg/logger/kafka_sink.go:146.16,148.3 1 0
github.com/caraml-dev/merlin/pkg/inference-logger/pkg/logger/kafka_sink.go:150.2,150.34 1 6
github.com/caraml-dev/merlin/pkg/inference-logger/pkg/logger/kafka_sink.go:153.98,155.38 2 6
github.com/caraml-dev/merlin/pkg/inference-logger/pkg/logger/kafka_sink.go:155.38,158.37 2 6
github.com/caraml-dev/merlin/pkg/inference-logger/pkg/logger/kafka_sink.go:158.37,163.4 1 6
github.com/caraml-dev/merlin/pkg/inference-logger/pkg/logger/kafka_sink.go:165.3,166.38 2 6
github.com/caraml-dev/merlin/pkg/inference-logger/pkg/logger/kafka_sink.go:166.38,171.4 1 6
github.com/caraml-dev/merlin/pkg/inference-logger/pkg/logger/kafka_sink.go:173.3,183.42 2 6
github.com/caraml-dev/merlin/pkg/inference-logger/pkg/logger/kafka_sink.go:186.2,186.22 1 6
github.com/caraml-dev/merlin/pkg/inference-logger/pkg/logger/newrelic_sink.go:36.11,46.2 1 10
github.com/caraml-dev/merlin/pkg/inference-logger/pkg/logger/newrelic_sink.go:53.62,56.16 2 10
github.com/caraml-dev/merlin/pkg/inference-logger/pkg/logger/newrelic_sink.go:56.16,58.3 1 0
github.com/caraml-dev/merlin/pkg/inference-logger/pkg/logger/newrelic_sink.go:60.2,61.16 2 10
github.com/caraml-dev/merlin/pkg/inference-logger/pkg/logger/newrelic_sink.go:61.16,63.3 1 0
github.com/caraml-dev/merlin/pkg/inference-logger/pkg/logger/newrelic_sink.go:65.2,65.36 1 10
github.com/caraml-dev/merlin/pkg/inference-logger/pkg/logger/newrelic_sink.go:65.36,67.17 2 46
github.com/caraml-dev/merlin/pkg/inference-logger/pkg/logger/newrelic_sink.go:67.17,70.4 2 0
github.com/caraml-dev/merlin/pkg/inference-logger/pkg/logger/newrelic_sink.go:73.2,73.12 1 10
github.com/caraml-dev/merlin/pkg/inference-logger/pkg/logger/newrelic_sink.go:76.115,78.39 2 10
github.com/caraml-dev/merlin/pkg/inference-logger/pkg/logger/newrelic_sink.go:78.39,91.17 3 46
github.com/caraml-dev/merlin/pkg/inference-logger/pkg/logger/newrelic_sink.go:91.17,93.4 1 0
github.com/caraml-dev/merlin/pkg/inference-logger/pkg/logger/newrelic_sink.go:95.3,99.45 2 46
github.com/caraml-dev/merlin/pkg/inference-logger/pkg/logger/newrelic_sink.go:102.2,102.22 1 10
github.com/caraml-dev/merlin/pkg/inference-logger/pkg/logger/newrelic_sink.go:105.101,107.38 2 10
github.com/caraml-dev/merlin/pkg/inference-logger/pkg/logger/newrelic_sink.go:107.38,110.37 2 46
github.com/caraml-dev/merlin/pkg/inference-logger/pkg/logger/newrelic_sink.go:110.37,115.4 1 26
github.com/caraml-dev/merlin/pkg/inference-logger/pkg/logger/newrelic_sink.go:117.3,118.38 2 46
github.com/caraml-dev/merlin/pkg/inference-logger/pkg/logger/newrelic_sink.go:118.38,123.4 1 36
github.com/caraml-dev/merlin/pkg/inference-logger/pkg/logger/newrelic_sink.go:125.3,135.42 2 46
github.com/caraml-dev/merlin/pkg/inference-logger/pkg/logger/newrelic_sink.go:138.2,138.22 1 10
github.com/caraml-dev/merlin/pkg/inference-logger/pkg/logger/queue.go:19.42,25.2 1 27
github.com/caraml-dev/merlin/pkg/inference-logger/pkg/logger/queue.go:43.49,45.2 1 4963
github.com/caraml-dev/merlin/pkg/inference-logger/pkg/logger/queue.go:48.59,50.2 1 4
github.com/caraml-dev/merlin/pkg/inference-logger/pkg/logger/queue.go:53.59,55.2 1 2
github.com/caraml-dev/merlin/pkg/inference-logger/pkg/logger/queue.go:59.67,60.14 1 5114
github.com/caraml-dev/merlin/pkg/inference-logger/pkg/logger/queue.go:60.14,62.3 1 4967
github.com/caraml-dev/merlin/pkg/inference-logger/pkg/logger/queue.go:63.2,66.28 2 5114
github.com/caraml-dev/merlin/pkg/inference-logger/pkg/logger/queue.go:66.28,67.15 1 7138
github.com/caraml-dev/merlin/pkg/inference-logger/pkg/logger/queue.go:67.15,70.4 2 153
github.com/caraml-dev/merlin/pkg/inference-logger/pkg/logger/queue.go:71.3,71.16 1 6985
github.com/caraml-dev/merlin/pkg/inference-logger/pkg/logger/queue.go:74.2,74.38 1 4957
github.com/caraml-dev/merlin/pkg/inference-logger/pkg/logger/queue.go:74.38,77.3 2 4
github.com/caraml-dev/merlin/pkg/inference-logger/pkg/logger/queue.go:77.8,80.3 2 4953
github.com/caraml-dev/merlin/pkg/inference-logger/pkg/logger/queue.go:81.2,83.8 3 4957
github.com/caraml-dev/merlin/pkg/inference-logger/pkg/logger/queue.go:88.52,95.2 6 122
github.com/caraml-dev/merlin/pkg/inference-logger/pkg/logger/queue.go:101.59,104.14 2 37858
github.com/caraml-dev/merlin/pkg/inference-logger/pkg/logger/queue.go:104.14,107.3 2 24
github.com/caraml-dev/merlin/pkg/inference-logger/pkg/logger/queue.go:109.2,109.55 1 37834
github.com/caraml-dev/merlin/pkg/inference-logger/pkg/logger/queue.go:109.55,110.25 1 8
github.com/caraml-dev/merlin/pkg/inference-logger/pkg/logger/queue.go:110.25,113.4 2 1
github.com/caraml-dev/merlin/pkg/inference-logger/pkg/logger/queue.go:115.3,115.15 1 7
github.com/caraml-dev/merlin/pkg/inference-logger/pkg/logger/queue.go:115.15,118.4 2 0
github.com/caraml-dev/merlin/pkg/inference-logger/pkg/logger/queue.go:120.3,122.22 2 7
github.com/caraml-dev/merlin/pkg/inference-logger/pkg/logger/queue.go:125.2,128.8 4 37826
github.com/caraml-dev/merlin/pkg/inference-logger/pkg/logger/queue.go:131.34,132.16 1 5101
github.com/caraml-dev/merlin/pkg/inference-logger/pkg/logger/queue.go:132.16,133.31 1 0
github.com/caraml-dev/merlin/pkg/inference-logger/pkg/logger/queue.go:133.31,135.4 1 0
github.com/caraml-dev/merlin/pkg/inference-logger/pkg/logger/queue.go:136.3,136.13 1 0
github.com/caraml-dev/merlin/pkg/inference-logger/pkg/logger/queue.go:141.36,146.2 4 6
github.com/caraml-dev/merlin/pkg/inference-logger/pkg/logger/queue.go:151.42,153.14 2 23
github.com/caraml-dev/merlin/pkg/inference-logger/pkg/logger/queue.go:153.14,156.3 2 1
github.com/caraml-dev/merlin/pkg/inference-logger/pkg/logger/queue.go:157.2,161.8 5 22
github.com/caraml-dev/merlin/pkg/inference-logger/pkg/logger/worker.go:25.125,34.2 1 124
github.com/caraml-dev/merlin/pkg/inference-logger/pkg/logger/worker.go:39.26,40.12 1 124
github.com/caraml-dev/merlin/pkg/inference-logger/pkg/logger/worker.go:40.12,42.16 2 124
github.com/caraml-dev/merlin/pkg/inference-logger/pkg/logger/worker.go:42.16,44.4 1 120
github.com/caraml-dev/merlin/pkg/inference-logger/pkg/logger/worker.go:46.3,46.7 1 124
github.com/caraml-dev/merlin/pkg/inference-logger/pkg/logger/worker.go:46.7,48.11 1 140
github.com/caraml-dev/merlin/pkg/inference-logger/pkg/logger/worker.go:49.22,50.11 1 0
github.com/caraml-dev/merlin/pkg/inference-logger/pkg/logger/worker.go:52.12,54.23 2 140
github.com/caraml-dev/merlin/pkg/inference-logger/pkg/logger/worker.go:54.23,57.23 3 120
github.com/caraml-dev/merlin/pkg/inference-logger/pkg/logger/worker.go:57.23,60.7 2 120
github.com/caraml-dev/merlin/pkg/inference-logger/pkg/logger/worker.go:61.6,62.31 2 0
github.com/caraml-dev/merlin/pkg/inference-logger/pkg/logger/worker.go:62.31,64.14 2 0
github.com/caraml-dev/merlin/pkg/inference-logger/pkg/logger/worker.go:64.14,66.8 1 0
github.com/caraml-dev/merlin/pkg/inference-logger/pkg/logger/worker.go:70.5,71.30 2 16
github.com/caraml-dev/merlin/pkg/inference-logger/pkg/logger/worker.go:71.30,73.13 2 52
github.com/caraml-dev/merlin/pkg/inference-logger/pkg/logger/worker.go:73.13,75.7 1 0
github.com/caraml-dev/merlin/pkg/inference-logger/pkg/logger/worker.go:76.6,76.47 1 52
github.com/caraml-dev/merlin/pkg/inference-logger/pkg/logger/worker.go:79.5,80.19 2 16
github.com/caraml-dev/merlin/pkg/inference-logger/pkg/logger/worker.go:80.19,82.6 1 0
github.com/caraml-dev/merlin/pkg/inference-logger/pkg/logger/worker.go:91.51,93.2 1 40
github.com/caraml-dev/merlin/pkg/inference-logger/pkg/logger/worker.go:98.25,99.12 1 4
github.com/caraml-dev/merlin/pkg/inference-logger/pkg/logger/worker.go:99.12,101.3 1 4
github.com/caraml-dev/merlin/pkg/inference-logger/pkg/logger/worker.go:104.56,105.37 1 16
github.com/caraml-dev/merlin/pkg/inference-logger/pkg/logger/worker.go:105.37,107.17 2 32
github.com/caraml-dev/merlin/pkg/inference-logger/pkg/logger/worker.go:107.17,109.4 1 0
github.com/caraml-dev/merlin/pkg/inference-logger/pkg/logger/worker.go:111.2,111.12 1 16
github.com/caraml-dev/merlin/pkg/inference-logger/cmd/main.go:71.13,78.52 5 0
github.com/caraml-dev/merlin/pkg/inference-logger/cmd/main.go:78.52,81.3 2 0
github.com/caraml-dev/merlin/pkg/inference-logger/cmd/main.go:84.2,84.23 1 0
github.com/caraml-dev/merlin/pkg/inference-logger/cmd/main.go:84.23,84.38 1 0
github.com/caraml-dev/merlin/pkg/inference-logger/cmd/main.go:85.2,85.37 1 0
github.com/caraml-dev/merlin/pkg/inference-logger/cmd/main.go:85.37,87.3 1 0
github.com/caraml-dev/merlin/pkg/inference-logger/cmd/main.go:89.2,89.19 1 0
github.com/caraml-dev/merlin/pkg/inference-logger/cmd/main.go:89.19,92.3 2 0
github.com/caraml-dev/merlin/pkg/inference-logger/cmd/main.go:94.2,95.16 2 0
github.com/caraml-dev/merlin/pkg/inference-logger/cmd/main.go:95.16,98.3 2 0
github.com/caraml-dev/merlin/pkg/inference-logger/cmd/main.go:99.2,100.21 2 0
github.com/caraml-dev/merlin/pkg/inference-logger/cmd/main.go:101.98,101.98 0 0
github.com/caraml-dev/merlin/pkg/inference-logger/cmd/main.go:102.10,104.14 2 0
github.com/caraml-dev/merlin/pkg/inference-logger/cmd/main.go:107.2,132.36 12 0
github.com/caraml-dev/merlin/pkg/inference-logger/cmd/main.go:132.36,133.40 1 0
github.com/caraml-dev/merlin/pkg/inference-logger/cmd/main.go:133.40,135.18 2 0
github.com/caraml-dev/merlin/pkg/inference-logger/cmd/main.go:135.18,138.5 2 0
github.com/caraml-dev/merlin/pkg/inference-logger/cmd/main.go:141.4,141.23 1 0
github.com/caraml-dev/merlin/pkg/inference-logger/cmd/main.go:141.23,143.5 1 0
github.com/caraml-dev/merlin/pkg/inference-logger/cmd/main.go:146.4,146.78 1 0
github.com/caraml-dev/merlin/pkg/inference-logger/cmd/main.go:146.78,148.5 1 0
github.com/caraml-dev/merlin/pkg/inference-logger/cmd/main.go:154.2,154.12 1 0
github.com/caraml-dev/merlin/pkg/inference-logger/cmd/main.go:154.12,162.17 3 0
github.com/caraml-dev/merlin/pkg/inference-logger/cmd/main.go:162.17,165.4 2 0
github.com/caraml-dev/merlin/pkg/inference-logger/cmd/main.go:166.3,166.59 1 0
github.com/caraml-dev/merlin/pkg/inference-logger/cmd/main.go:166.59,168.4 1 0
github.com/caraml-dev/merlin/pkg/inference-logger/cmd/main.go:174.2,174.9 1 0
github.com/caraml-dev/merlin/pkg/inference-logger/cmd/main.go:175.22,181.13 5 0
github.com/caraml-dev/merlin/pkg/inference-logger/cmd/main.go:182.20,188.40 5 0
github.com/caraml-dev/merlin/pkg/inference-logger/cmd/main.go:188.40,190.61 2 0
github.com/caraml-dev/merlin/pkg/inference-logger/cmd/main.go:190.61,192.5 1 0
github.com/caraml-dev/merlin/pkg/inference-logger/cmd/main.go:194.3,194.44 1 0
github.com/caraml-dev/merlin/pkg/inference-logger/cmd/main.go:198.185,224.2 14 0
github.com/caraml-dev/merlin/pkg/inference-logger/cmd/main.go:230.28,234.2 2 0
github.com/caraml-dev/merlin/pkg/inference-logger/cmd/main.go:236.79,238.16 2 0
github.com/caraml-dev/merlin/pkg/inference-logger/cmd/main.go:238.16,240.3 1 0
github.com/caraml-dev/merlin/pkg/inference-logger/cmd/main.go:241.2,242.39 2 0
github.com/caraml-dev/merlin/pkg/inference-logger/cmd/main.go:242.39,244.3 1 0
github.com/caraml-dev/merlin/pkg/inference-logger/cmd/main.go:245.2,245.17 1 0
github.com/caraml-dev/merlin/pkg/inference-logger/cmd/main.go:248.66,250.2 1 1
github.com/caraml-dev/merlin/pkg/inference-logger/cmd/main.go:252.98,253.50 1 1
github.com/caraml-dev/merlin/pkg/inference-logger/cmd/main.go:253.50,255.3 1 0
github.com/caraml-dev/merlin/pkg/inference-logger/cmd/main.go:257.2,260.8 4 1
github.com/caraml-dev/merlin/pkg/inference-logger/cmd/main.go:263.46,265.2 1 1
github.com/caraml-dev/merlin/pkg/inference-logger/cmd/main.go:270.24,273.62 3 0
github.com/caraml-dev/merlin/pkg/inference-logger/cmd/main.go:273.62,274.48 1 0
github.com/caraml-dev/merlin/pkg/inference-logger/cmd/main.go:274.48,277.4 2 0
github.com/caraml-dev/merlin/pkg/inference-logger/cmd/main.go:281.2,286.18 5 0
github.com/caraml-dev/merlin/pkg/inference-logger/cmd/main.go:287.29,302.105 10 0
github.com/caraml-dev/merlin/pkg/inference-logger/cmd/main.go:303.26,314.17 3 0
github.com/caraml-dev/merlin/pkg/inference-logger/cmd/main.go:314.17,317.4 2 0
github.com/caraml-dev/merlin/pkg/inference-logger/cmd/main.go:320.3,321.17 2 0
github.com/caraml-dev/merlin/pkg/inference-logger/cmd/main.go:321.17,324.4 2 0
github.com/caraml-dev/merlin/pkg/inference-logger/cmd/main.go:326.3,326.117 1 0
github.com/caraml-dev/merlin/pkg/inference-logger/cmd/main.go:327.10,328.42 1 0
